<?xml version="1.0" encoding="UTF-8"?>
<!-- Generated by org.testng.reporters.JUnitXMLReporter -->
<testsuite ignored="0" hostname="ASUS" failures="2" tests="2" name="Test" time="6.074" errors="0" timestamp="2024-09-20T18:58:03 IST">
  <testcase classname="com.runner.AmazonRunner" name="invalidLogin" time="3.977">
    <failure type="java.lang.AssertionError" message="expected [Enter a valid email address or phone number] but found [Amazon Sign In]">
      <![CDATA[java.lang.AssertionError: expected [Enter a valid email address or phone number] but found [Amazon Sign In]
at com.pom.LoginPage.invalidMailID(LoginPage.java:76)
at com.runner.AmazonRunner.invalidLogin(AmazonRunner.java:42)
at java.base/java.util.concurrent.ThreadPoolExecutor.runWorker(ThreadPoolExecutor.java:1144)
at java.base/java.util.concurrent.ThreadPoolExecutor$Worker.run(ThreadPoolExecutor.java:642)
at java.base/java.lang.Thread.run(Thread.java:1570)
... Removed 16 stack frames]]>
    </failure>
  </testcase> <!-- invalidLogin -->
  <testcase classname="com.runner.AmazonRunner" name="validLoginTest" time="4.132">
    <failure type="java.lang.AssertionError" message="expected [Online Shopping ] but found [Amazon Sign In]">
      <![CDATA[java.lang.AssertionError: expected [Online Shopping ] but found [Amazon Sign In]
at com.pom.LoginPage.validLogin(LoginPage.java:59)
at com.runner.AmazonRunner.validLoginTest(AmazonRunner.java:34)
at java.base/java.util.concurrent.ThreadPoolExecutor.runWorker(ThreadPoolExecutor.java:1144)
at java.base/java.util.concurrent.ThreadPoolExecutor$Worker.run(ThreadPoolExecutor.java:642)
at java.base/java.lang.Thread.run(Thread.java:1570)
... Removed 16 stack frames]]>
    </failure>
  </testcase> <!-- validLoginTest -->
</testsuite> <!-- Test -->
